<?xml version="1.0" encoding="UTF-8"?>
<!-- Generated by org.testng.reporters.JUnitReportReporter -->
<testsuite hostname="theVikas" failures="0" tests="2" name="testCases.TC_L1" time="2.196" errors="0" timestamp="2025-10-08T20:29:48 GMT-04:00" skipped="0">
  <testcase classname="testCases.TC_L1" name="login" time="1.329"/>
  <testcase classname="testCases.TC_L1" name="login" time="0.867"/>
</testsuite> <!-- testCases.TC_L1 -->
