<?xml version="1.0" encoding="UTF-8"?>
<!-- Generated by org.testng.reporters.JUnitReportReporter -->
<testsuite hostname="theVikas" failures="0" tests="1" name="testCases.TC_CH1" time="1.191" errors="0" timestamp="2025-10-06T18:58:16 GMT-04:00" skipped="0">
  <testcase classname="testCases.TC_CH1" name="verifyCheckOut" time="1.191"/>
</testsuite> <!-- testCases.TC_CH1 -->
