<?xml version="1.0" encoding="UTF-8"?>
<!-- Generated by org.testng.reporters.JUnitReportReporter -->
<testsuite hostname="theVikas" failures="0" tests="1" name="testCases.TC_C4" time="0.874" errors="0" timestamp="2025-10-06T19:35:14 GMT-04:00" skipped="0">
  <testcase classname="testCases.TC_C4" name="verifyCartDetails" time="0.874"/>
</testsuite> <!-- testCases.TC_C4 -->
