<?xml version="1.0" encoding="UTF-8"?>
<!-- Generated by org.testng.reporters.JUnitReportReporter -->
<testsuite hostname="theVikas" failures="0" tests="1" name="testCases.TC_L3" time="0.445" errors="0" timestamp="2025-09-28T10:14:20 GMT-04:00" skipped="0">
  <testcase classname="testCases.TC_L3" name="loginWithLockedUser" time="0.445"/>
</testsuite> <!-- testCases.TC_L3 -->
