<?xml version="1.0" encoding="UTF-8"?>
<!-- Generated by org.testng.reporters.JUnitReportReporter -->
<testsuite hostname="theVikas" failures="0" tests="2" name="testCases.TC_C2" time="3.395" errors="0" timestamp="2025-10-08T20:29:48 GMT-04:00" skipped="0">
  <testcase classname="testCases.TC_C2" name="verifyRemovingProduct" time="2.026"/>
  <testcase classname="testCases.TC_C2" name="verifyRemovingProduct" time="1.369"/>
</testsuite> <!-- testCases.TC_C2 -->
