<?xml version="1.0" encoding="UTF-8"?>
<!-- Generated by org.testng.reporters.JUnitReportReporter -->
<testsuite hostname="theVikas" failures="0" tests="1" name="testCases.TC_CH3" time="1.162" errors="0" timestamp="2025-10-06T19:35:14 GMT-04:00" skipped="0">
  <testcase classname="testCases.TC_CH3" name="verifyOrderSummary" time="1.162"/>
</testsuite> <!-- testCases.TC_CH3 -->
