<?xml version="1.0" encoding="UTF-8"?>
<!-- Generated by org.testng.reporters.JUnitReportReporter -->
<testsuite hostname="theVikas" failures="0" tests="1" name="testCases.TC_L4" time="0.198" errors="0" timestamp="2025-10-05T20:32:58 GMT-04:00" skipped="0">
  <testcase classname="testCases.TC_L4" name="emptyField" time="0.198"/>
</testsuite> <!-- testCases.TC_L4 -->
