<?xml version="1.0" encoding="UTF-8"?>
<!-- Generated by org.testng.reporters.JUnitReportReporter -->
<testsuite hostname="theVikas" failures="0" tests="1" name="testCases.TC_P2" time="0.661" errors="0" timestamp="2025-10-05T20:32:58 GMT-04:00" skipped="0">
  <testcase classname="testCases.TC_P2" name="aToZsorting" time="0.661"/>
</testsuite> <!-- testCases.TC_P2 -->
