<?xml version="1.0" encoding="UTF-8"?>
<!-- Generated by org.testng.reporters.JUnitReportReporter -->
<testsuite hostname="theVikas" failures="0" tests="1" name="testCases.TC_P2" time="1.315" errors="0" timestamp="2025-10-02T11:45:11 GMT-04:00" skipped="0">
  <testcase classname="testCases.TC_P2" name="aToZsorting" time="1.315"/>
</testsuite> <!-- testCases.TC_P2 -->
