<?xml version="1.0" encoding="UTF-8"?>
<!-- Generated by org.testng.reporters.JUnitReportReporter -->
<testsuite hostname="theVikas" failures="0" tests="1" name="testCases.TC_P3" time="1.040" errors="0" timestamp="2025-10-02T11:26:55 GMT-04:00" skipped="0">
  <testcase classname="testCases.TC_P3" name="priceSorting" time="1.040"/>
</testsuite> <!-- testCases.TC_P3 -->
