<?xml version="1.0" encoding="UTF-8"?>
<!-- Generated by org.testng.reporters.JUnitReportReporter -->
<testsuite hostname="theVikas" failures="0" tests="1" name="testCases.TC_C1" time="0.776" errors="0" timestamp="2025-10-05T18:11:16 GMT-04:00" skipped="0">
  <testcase classname="testCases.TC_C1" name="verifyCartCount" time="0.776"/>
</testsuite> <!-- testCases.TC_C1 -->
