<?xml version="1.0" encoding="UTF-8"?>
<!-- Generated by org.testng.reporters.JUnitReportReporter -->
<testsuite hostname="theVikas" failures="0" tests="1" name="testCases.TC_CH2" time="1.128" errors="0" timestamp="2025-10-06T19:08:32 GMT-04:00" skipped="0">
  <testcase classname="testCases.TC_CH2" name="verifyMandatoryField" time="1.128"/>
</testsuite> <!-- testCases.TC_CH2 -->
