<?xml version="1.0" encoding="UTF-8"?>
<!-- Generated by org.testng.reporters.JUnitReportReporter -->
<testsuite hostname="theVikas" failures="0" tests="2" name="testCases.TC_L2" time="1.775" errors="0" timestamp="2025-10-08T20:29:48 GMT-04:00" skipped="0">
  <testcase classname="testCases.TC_L2" name="loginWithInvalidPassword" time="0.416"/>
  <testcase classname="testCases.TC_L2" name="loginWithInvalidPassword" time="1.359"/>
</testsuite> <!-- testCases.TC_L2 -->
