<?xml version="1.0" encoding="UTF-8"?>
<!-- Generated by org.testng.reporters.JUnitReportReporter -->
<testsuite hostname="theVikas" failures="0" tests="1" name="testCases.TC_O1" time="0.650" errors="0" timestamp="2025-10-08T18:27:51 GMT-04:00" skipped="0">
  <testcase classname="testCases.TC_O1" name="veifyUserLogout" time="0.650"/>
</testsuite> <!-- testCases.TC_O1 -->
