<?xml version="1.0" encoding="UTF-8"?>
<!-- Generated by org.testng.reporters.JUnitReportReporter -->
<testsuite hostname="theVikas" failures="0" tests="1" name="testCases.TC_P1" time="0.919" errors="0" timestamp="2025-09-29T20:19:23 GMT-04:00" skipped="0">
  <testcase classname="testCases.TC_P1" name="prodctListVerification" time="0.919"/>
</testsuite> <!-- testCases.TC_P1 -->
