<?xml version="1.0" encoding="UTF-8"?>
<!-- Generated by org.testng.reporters.JUnitReportReporter -->
<testsuite hostname="theVikas" failures="0" tests="1" name="testCases.TC_L3" time="0.339" errors="0" timestamp="2025-10-06T19:35:14 GMT-04:00" skipped="0">
  <testcase classname="testCases.TC_L3" name="loginWithLockedUser" time="0.339"/>
</testsuite> <!-- testCases.TC_L3 -->
