<?xml version="1.0" encoding="UTF-8"?>
<!-- Generated by org.testng.reporters.JUnitReportReporter -->
<testsuite hostname="theVikas" failures="0" tests="1" name="testCases.TC_L1" time="0.571" errors="0" timestamp="2025-09-27T21:40:40 GMT-04:00" skipped="0">
  <testcase classname="testCases.TC_L1" name="login" time="0.571"/>
</testsuite> <!-- testCases.TC_L1 -->
