<?xml version="1.0" encoding="UTF-8"?>
<!-- Generated by org.testng.reporters.JUnitReportReporter -->
<testsuite hostname="theVikas" failures="0" tests="2" name="testCases.TC_CH1" time="4.745" errors="0" timestamp="2025-10-08T20:29:48 GMT-04:00" skipped="0">
  <testcase classname="testCases.TC_CH1" name="verifyCheckOut" time="3.022"/>
  <testcase classname="testCases.TC_CH1" name="verifyCheckOut" time="1.723"/>
</testsuite> <!-- testCases.TC_CH1 -->
