<?xml version="1.0" encoding="UTF-8"?>
<!-- Generated by org.testng.reporters.JUnitReportReporter -->
<testsuite hostname="theVikas" failures="0" tests="1" name="testCases.TC_L2" time="0.477" errors="0" timestamp="2025-09-27T21:40:40 GMT-04:00" skipped="0">
  <testcase classname="testCases.TC_L2" name="loginWithInvalidPassword" time="0.477"/>
</testsuite> <!-- testCases.TC_L2 -->
