<?xml version="1.0" encoding="UTF-8"?>
<!-- Generated by org.testng.reporters.JUnitReportReporter -->
<testsuite hostname="theVikas" failures="0" tests="2" name="testCases.TC_P1" time="3.775" errors="0" timestamp="2025-10-08T20:29:48 GMT-04:00" skipped="0">
  <testcase classname="testCases.TC_P1" name="prodctListVerification" time="2.059"/>
  <testcase classname="testCases.TC_P1" name="prodctListVerification" time="1.716"/>
</testsuite> <!-- testCases.TC_P1 -->
