<?xml version="1.0" encoding="UTF-8"?>
<!-- Generated by org.testng.reporters.JUnitReportReporter -->
<testsuite hostname="theVikas" failures="0" tests="2" name="testCases.TC_C1" time="1.934" errors="0" timestamp="2025-10-08T20:29:48 GMT-04:00" skipped="0">
  <testcase classname="testCases.TC_C1" name="verifyCartCount" time="0.634"/>
  <testcase classname="testCases.TC_C1" name="verifyCartCount" time="1.300"/>
</testsuite> <!-- testCases.TC_C1 -->
